<?xml version="1.0" encoding="UTF-8"?>
<testsuite xmlns:xsi="http://www.w3.org/2001/XMLSchema-instance" xsi:noNamespaceSchemaLocation="https://maven.apache.org/surefire/maven-surefire-plugin/xsd/surefire-test-report.xsd" name="com.myStocks.queryMaker.StockDataQueryMakerTests" time="0.025" tests="4" errors="0" skipped="0" failures="0">
  <properties>
[...]
</properties>
  <testcase name="testGetStockDataQueryWithAdditionDate" classname="com.myStocks.queryMaker.StockDataQueryMakerTests" time="0.001"/>
  <testcase name="testDeleteTickerDataQuery" classname="com.myStocks.queryMaker.StockDataQueryMakerTests" time="0"/>
  <testcase name="testAddStockDataQuery" classname="com.myStocks.queryMaker.StockDataQueryMakerTests" time="0.02"/>
  <testcase name="testGetStockDataQuery" classname="com.myStocks.queryMaker.StockDataQueryMakerTests" time="0"/>
</testsuite>